#
# There is insufficient memory for the Java Runtime Environment to continue.
# Native memory allocation (mmap) failed to map 201326592 bytes for G1 virtual space
# Possible reasons:
#   The system is out of physical RAM or swap space
#   The process is running with CompressedOops enabled, and the Java Heap may be blocking the growth of the native heap
# Possible solutions:
#   Reduce memory load on the system
#   Increase physical memory or swap space
#   Check if swap backing store is full
#   Decrease Java heap size (-Xmx/-Xms)
#   Decrease number of Java threads
#   Decrease Java thread stack sizes (-Xss)
#   Set larger code cache with -XX:ReservedCodeCacheSize=
#   JVM is running with Zero Based Compressed Oops mode in which the Java heap is
#     placed in the first 32GB address space. The Java Heap base address is the
#     maximum limit for the native heap growth. Please use -XX:HeapBaseMinAddress
#     to set the Java Heap base and to place the Java Heap above 32GB virtual address.
# This output file may be truncated or incomplete.
#
#  Out of Memory Error (os_windows.cpp:3548), pid=12080, tid=12136
#
# JRE version:  (17.0.5+8) (build )
# Java VM: OpenJDK 64-Bit Server VM (17.0.5+8-LTS, mixed mode, emulated-client, sharing, tiered, compressed oops, compressed class ptrs, g1 gc, windows-amd64)
# No core dump will be written. Minidumps are not enabled by default on client versions of Windows
#

---------------  S U M M A R Y ------------

Command Line: -XX:TieredStopAtLevel=1 -Dspring.output.ansi.enabled=always -Dcom.sun.management.jmxremote -Dspring.jmx.enabled=true -Dspring.liveBeansView.mbeanDomain -Dspring.application.admin.enabled=true -javaagent:C:\Program Files\JetBrains\IntelliJ IDEA 2022.2\lib\idea_rt.jar=8083:C:\Program Files\JetBrains\IntelliJ IDEA 2022.2\bin -Dfile.encoding=UTF-8 com.example.InstagramBotHerokuApplication

Host: Intel(R) Core(TM) i3-6100U CPU @ 2.30GHz, 4 cores, 11G,  Windows 10 , 64 bit Build 19041 (10.0.19041.1889)
Time: Mon Jan  2 18:32:36 2023  Windows 10 , 64 bit Build 19041 (10.0.19041.1889) elapsed time: 0.019581 seconds (0d 0h 0m 0s)

---------------  T H R E A D  ---------------

Current thread (0x000001abf04b76a0):  JavaThread "Unknown thread" [_thread_in_vm, id=12136, stack(0x0000008351700000,0x0000008351800000)]

Stack: [0x0000008351700000,0x0000008351800000]
Native frames: (J=compiled Java code, j=interpreted, Vv=VM code, C=native code)
V  [jvm.dll+0x646e0a]
V  [jvm.dll+0x7f7f14]
V  [jvm.dll+0x7f96ce]
V  [jvm.dll+0x7f9d23]
V  [jvm.dll+0x234c98]
V  [jvm.dll+0x643d6a]
V  [jvm.dll+0x63849a]
V  [jvm.dll+0x2f2ed9]
V  [jvm.dll+0x2fa066]
V  [jvm.dll+0x345a2a]
V  [jvm.dll+0x345c6f]
V  [jvm.dll+0x2c9378]
V  [jvm.dll+0x2ca309]
V  [jvm.dll+0x7cb681]
V  [jvm.dll+0x352eb1]
V  [jvm.dll+0x7abb8e]
V  [jvm.dll+0x3ce293]
V  [jvm.dll+0x3cfc91]
C  [jli.dll+0x519f]
C  [ucrtbase.dll+0x21bb2]
C  [KERNEL32.DLL+0x17034]
C  [ntdll.dll+0x526a1]


---------------  P R O C E S S  ---------------

Threads class SMR info:
_java_thread_list=0x00007ffbd2e16758, length=0, elements={
}

Java Threads: ( => current thread )

Other Threads:
  0x000001abf050f3d0 GCTaskThread "GC Thread#0" [stack: 0x0000008351800000,0x0000008351900000] [id=12140]
  0x000001abf051c1a0 ConcurrentGCThread "G1 Main Marker" [stack: 0x0000008351900000,0x0000008351a00000] [id=12144]
  0x000001abf051d3f0 ConcurrentGCThread "G1 Conc#0" [stack: 0x0000008351a00000,0x0000008351b00000] [id=12148]

[error occurred during error reporting (printing all threads), id 0xc0000005, EXCEPTION_ACCESS_VIOLATION (0xc0000005) at pc=0x00007ffbd260a567]

VM state: not at safepoint (not fully initialized)

VM Mutex/Monitor currently owned by a thread:  ([mutex/lock_event])
[0x000001abf04b2570] Heap_lock - owner thread: 0x000001abf04b76a0

Heap address: 0x0000000741600000, size: 3050 MB, Compressed Oops mode: Zero based, Oop shift amount: 3

CDS archive(s) mapped at: [0x0000000000000000-0x0000000000000000-0x0000000000000000), size 0, SharedBaseAddress: 0x0000000800000000, ArchiveRelocationMode: 0.
Narrow klass base: 0x0000000000000000, Narrow klass shift: 0, Narrow klass range: 0x0

GC Precious Log:
<Empty>

Heap:
 garbage-first heap   total 0K, used 0K [0x0000000741600000, 0x0000000800000000)
  region size 2048K, 0 young (0K), 0 survivors (0K)

[error occurred during error reporting (printing heap information), id 0xc0000005, EXCEPTION_ACCESS_VIOLATION (0xc0000005) at pc=0x00007ffbd29ce739]

GC Heap History (0 events):
No events

Dll operation events (1 events):
Event: 0.013 Loaded shared library C:\Users\javox\.jdks\corretto-17.0.5\bin\java.dll

Deoptimization events (0 events):
No events

Classes unloaded (0 events):
No events

Classes redefined (0 events):
No events

Internal exceptions (0 events):
No events

VM Operations (0 events):
No events

Events (0 events):
No events


Dynamic libraries:
0x00007ff7ec5d0000 - 0x00007ff7ec5dd000 	C:\Users\javox\.jdks\corretto-17.0.5\bin\java.exe
0x00007ffc284b0000 - 0x00007ffc286a8000 	C:\Windows\SYSTEM32\ntdll.dll
0x00007ffc27400000 - 0x00007ffc274bd000 	C:\Windows\System32\KERNEL32.DLL
0x00007ffc25f80000 - 0x00007ffc26252000 	C:\Windows\System32\KERNELBASE.dll
0x00007ffc26260000 - 0x00007ffc26360000 	C:\Windows\System32\ucrtbase.dll
0x00007ffc1fb40000 - 0x00007ffc1fb55000 	C:\Users\javox\.jdks\corretto-17.0.5\bin\VCRUNTIME140.dll
0x00007ffc1fb60000 - 0x00007ffc1fb77000 	C:\Users\javox\.jdks\corretto-17.0.5\bin\jli.dll
0x00007ffc26c40000 - 0x00007ffc26ddd000 	C:\Windows\System32\USER32.dll
0x00007ffc14ce0000 - 0x00007ffc14f7a000 	C:\Windows\WinSxS\amd64_microsoft.windows.common-controls_6595b64144ccf1df_6.0.19041.1110_none_60b5254171f9507e\COMCTL32.dll
0x00007ffc25dd0000 - 0x00007ffc25df2000 	C:\Windows\System32\win32u.dll
0x00007ffc26ec0000 - 0x00007ffc26f5e000 	C:\Windows\System32\msvcrt.dll
0x00007ffc27df0000 - 0x00007ffc27e1b000 	C:\Windows\System32\GDI32.dll
0x00007ffc26400000 - 0x00007ffc2650f000 	C:\Windows\System32\gdi32full.dll
0x00007ffc25e00000 - 0x00007ffc25e9d000 	C:\Windows\System32\msvcp_win.dll
0x00007ffc27120000 - 0x00007ffc27150000 	C:\Windows\System32\IMM32.DLL
0x00007ffbec0b0000 - 0x00007ffbec14b000 	C:\Users\javox\.jdks\corretto-17.0.5\bin\msvcp140.dll
0x00007ffbd2330000 - 0x00007ffbd2f44000 	C:\Users\javox\.jdks\corretto-17.0.5\bin\server\jvm.dll
0x00007ffc27350000 - 0x00007ffc273fe000 	C:\Windows\System32\ADVAPI32.dll
0x00007ffc27010000 - 0x00007ffc270ac000 	C:\Windows\System32\sechost.dll
0x00007ffc26510000 - 0x00007ffc26635000 	C:\Windows\System32\RPCRT4.dll
0x00007ffc11100000 - 0x00007ffc11109000 	C:\Windows\SYSTEM32\WSOCK32.dll
0x00007ffc1c160000 - 0x00007ffc1c187000 	C:\Windows\SYSTEM32\WINMM.dll
0x00007ffc1e020000 - 0x00007ffc1e02a000 	C:\Windows\SYSTEM32\VERSION.dll
0x00007ffc270b0000 - 0x00007ffc2711b000 	C:\Windows\System32\WS2_32.dll
0x00007ffc23a80000 - 0x00007ffc23a92000 	C:\Windows\SYSTEM32\kernel.appcore.dll
0x00007ffc1fb30000 - 0x00007ffc1fb3a000 	C:\Users\javox\.jdks\corretto-17.0.5\bin\jimage.dll
0x00007ffc10ee0000 - 0x00007ffc110c4000 	C:\Windows\SYSTEM32\DBGHELP.DLL
0x00007ffc10eb0000 - 0x00007ffc10edc000 	C:\Windows\SYSTEM32\dbgcore.DLL
0x00007ffc25ea0000 - 0x00007ffc25f22000 	C:\Windows\System32\bcryptPrimitives.dll
0x00007ffc11690000 - 0x00007ffc1169e000 	C:\Users\javox\.jdks\corretto-17.0.5\bin\instrument.dll
0x00007ffbec080000 - 0x00007ffbec0a5000 	C:\Users\javox\.jdks\corretto-17.0.5\bin\java.dll

dbghelp: loaded successfully - version: 4.0.5 - missing functions: none
symbol engine: initialized successfully - sym options: 0x614 - pdb path: .;C:\Users\javox\.jdks\corretto-17.0.5\bin;C:\Windows\SYSTEM32;C:\Windows\WinSxS\amd64_microsoft.windows.common-controls_6595b64144ccf1df_6.0.19041.1110_none_60b5254171f9507e;C:\Users\javox\.jdks\corretto-17.0.5\bin\server

VM Arguments:
jvm_args: -XX:TieredStopAtLevel=1 -Dspring.output.ansi.enabled=always -Dcom.sun.management.jmxremote -Dspring.jmx.enabled=true -Dspring.liveBeansView.mbeanDomain -Dspring.application.admin.enabled=true -javaagent:C:\Program Files\JetBrains\IntelliJ IDEA 2022.2\lib\idea_rt.jar=8083:C:\Program Files\JetBrains\IntelliJ IDEA 2022.2\bin -Dfile.encoding=UTF-8 
java_command: com.example.InstagramBotHerokuApplication
java_class_path (initial): C:\Users\javox\Bot\Instagram-bot-heroku\target\classes;C:\Users\javox\.m2\repository\org\springframework\boot\spring-boot-starter-data-jpa\3.0.1\spring-boot-starter-data-jpa-3.0.1.jar;C:\Users\javox\.m2\repository\org\springframework\boot\spring-boot-starter-aop\3.0.1\spring-boot-starter-aop-3.0.1.jar;C:\Users\javox\.m2\repository\org\springframework\spring-aop\6.0.3\spring-aop-6.0.3.jar;C:\Users\javox\.m2\repository\org\aspectj\aspectjweaver\1.9.19\aspectjweaver-1.9.19.jar;C:\Users\javox\.m2\repository\org\springframework\boot\spring-boot-starter-jdbc\3.0.1\spring-boot-starter-jdbc-3.0.1.jar;C:\Users\javox\.m2\repository\com\zaxxer\HikariCP\5.0.1\HikariCP-5.0.1.jar;C:\Users\javox\.m2\repository\org\springframework\spring-jdbc\6.0.3\spring-jdbc-6.0.3.jar;C:\Users\javox\.m2\repository\org\hibernate\orm\hibernate-core\6.1.6.Final\hibernate-core-6.1.6.Final.jar;C:\Users\javox\.m2\repository\jakarta\persistence\jakarta.persistence-api\3.1.0\jakarta.persistence-api-3.1.0.jar;C:\Users\javox\.m2\repository\jakarta\transaction\jakarta.transaction-api\2.0.1\jakarta.transaction-api-2.0.1.jar;C:\Users\javox\.m2\repository\org\hibernate\common\hibernate-commons-annotations\6.0.2.Final\hibernate-commons-annotations-6.0.2.Final.jar;C:\Users\javox\.m2\repository\org\jboss\jandex\2.4.2.Final\jandex-2.4.2.Final.jar;C:\Users\javox\.m2\repository\net\bytebuddy\byte-buddy\1.12.20\byte-buddy-1.12.20.jar;C:\Users\javox\.m2\repository\org\glassfish\jaxb\jaxb-runtime\4.0.1\jaxb-runtime-4.0.1.jar;C:\Users\javox\.m2\repository\org\glassfish\jaxb\jaxb-core\4.0.1\jaxb-core-4.0.1.jar;C:\Users\javox\.m2\repository\org\eclipse\angus\angus-activation\1.0.0\angus-activation-1.0.0.jar;C:\Users\javox\.m2\repository\org\glassfish\jaxb\txw2\4.0.1\txw2-4.0.1.jar;C:\Users\javox\.m2\repository\com\sun\istack\istack-commons-runtime\4.1.1\istack-commons-runtime-4.1.1.jar;C:\Users\javox\.m2\repository\jakarta\inject\jakarta.inject-api\2.0.0\jakarta.inject-api-2.0.0.jar;C:\Users\j
Launcher Type: SUN_STANDARD

[Global flags]
     intx CICompilerCount                          = 3                                         {product} {ergonomic}
     uint ConcGCThreads                            = 1                                         {product} {ergonomic}
     uint G1ConcRefinementThreads                  = 4                                         {product} {ergonomic}
   size_t G1HeapRegionSize                         = 2097152                                   {product} {ergonomic}
    uintx GCDrainStackTargetSize                   = 64                                        {product} {ergonomic}
   size_t InitialHeapSize                          = 201326592                                 {product} {ergonomic}
     bool ManagementServer                         = true                                      {product} {command line}
   size_t MarkStackSize                            = 4194304                                   {product} {ergonomic}
   size_t MaxHeapSize                              = 3198156800                                {product} {ergonomic}
   size_t MinHeapDeltaBytes                        = 2097152                                   {product} {ergonomic}
   size_t MinHeapSize                              = 8388608                                   {product} {ergonomic}
    uintx NonProfiledCodeHeapSize                  = 0                                      {pd product} {ergonomic}
     bool ProfileInterpreter                       = false                                  {pd product} {command line}
    uintx ProfiledCodeHeapSize                     = 0                                      {pd product} {ergonomic}
   size_t SoftMaxHeapSize                          = 3198156800                             {manageable} {ergonomic}
     intx TieredStopAtLevel                        = 1                                         {product} {command line}
     bool UseCompressedClassPointers               = true                           {product lp64_product} {ergonomic}
     bool UseCompressedOops                        = true                           {product lp64_product} {ergonomic}
     bool UseG1GC                                  = true                                      {product} {ergonomic}
     bool UseLargePagesIndividualAllocation        = false                                  {pd product} {ergonomic}

Logging:
Log output configuration:
 #0: stdout all=warning uptime,level,tags
 #1: stderr all=off uptime,level,tags

Environment Variables:
JAVA_HOME=C:\Program Files\Java\jdk1.8.0
CLASSPATH=C:\Program Files\Java\jdk-18.0.2\lib\*.jar
PATH=C:\Program Files\Common Files\Oracle\Java\javapath;C:\Program Files\Java\jdk-18.0.2\bin;C:\opt\apache-maven-3.8.6\bin;C:\Program Files\Git\cmd;%systemrooy%\System32\WindowsPowerShell\v1.0;C:\Program Files\PowerShell\7\;C:\Users\javox\AppData\Local\Microsoft\WindowsApps;C:\Program Files\JetBrains\IntelliJ IDEA 2022.2\bin;;C:\Program Files\heroku\bin;C:\Program Files\Java\jdk1.8.0\bin;C:\Users\javox\AppData\Local\Programs\Microsoft VS Code\bin;;C:\Program Files\JetBrains\DataGrip 2022.2.5\bin;
USERNAME=javox
OS=Windows_NT
PROCESSOR_IDENTIFIER=Intel64 Family 6 Model 78 Stepping 3, GenuineIntel
TMP=C:\Users\javox\AppData\Local\Temp
TEMP=C:\Users\javox\AppData\Local\Temp



---------------  S Y S T E M  ---------------

OS:
 Windows 10 , 64 bit Build 19041 (10.0.19041.1889)
OS uptime: 0 days 1:02 hours

CPU: total 4 (initial active 4) (2 cores per cpu, 2 threads per core) family 6 model 78 stepping 3 microcode 0xcc, cx8, cmov, fxsr, ht, mmx, 3dnowpref, sse, sse2, sse3, ssse3, sse4.1, sse4.2, popcnt, lzcnt, tsc, tscinvbit, avx, avx2, aes, erms, clmul, bmi1, bmi2, rtm, adx, fma, vzeroupper, clflush, clflushopt

Memory: 4k page, system-wide physical 12193M (1385M free)
TotalPageFile size 12193M (AvailPageFile size 20M)
current process WorkingSet (physical memory assigned to process): 10M, peak: 10M
current process commit charge ("private bytes"): 47M, peak: 238M

vm_info: OpenJDK 64-Bit Server VM (17.0.5+8-LTS) for windows-amd64 JRE (17.0.5+8-LTS), built on Oct 13 2022 05:18:14 by "Administrator" with MS VC++ 15.9 (VS2017)

END.
